<?xml version="1.0" encoding="UTF-8"?>
<!-- Generated by org.testng.reporters.JUnitXMLReporter -->
<testsuite ignored="2" hostname="YatamPakkiraReddy" failures="0" tests="7" name="Test" time="88.225" errors="0" timestamp="2023-03-13T19:42:08 IST">
  <testcase classname="vTiger_genericutility.BaseClass" name="@BeforeMethod bmConfiguration" time="10.058">
    <failure type="org.openqa.selenium.NoSuchElementException" message="no such element: Unable to locate element: {&amp;quot;method&amp;quot;:&amp;quot;css selector&amp;quot;,&amp;quot;selector&amp;quot;:&amp;quot;*[name=&amp;apos;user_name&amp;apos;]&amp;quot;}
  (Session info: chrome=111.0.5563.65)
For documentation on this error, please visit: https://selenium.dev/exceptions/#no_such_element
Build info: version: &amp;apos;4.8.0&amp;apos;, revision: &amp;apos;267030adea&amp;apos;
System info: os.name: &amp;apos;Windows 11&amp;apos;, os.arch: &amp;apos;amd64&amp;apos;, os.version: &amp;apos;10.0&amp;apos;, java.version: &amp;apos;17.0.4&amp;apos;
Driver info: org.openqa.selenium.chrome.ChromeDriver
Command: [048b8f55086ab02f3389a939839e6147, findElement {using=name, value=user_name}]
Capabilities {acceptInsecureCerts: false, browserName: chrome, browserVersion: 111.0.5563.65, chrome: {chromedriverVersion: 111.0.5563.64 (c710e93d5b63..., userDataDir: C:\Users\pakki\AppData\Loca...}, goog:chromeOptions: {debuggerAddress: localhost:63207}, networkConnectionEnabled: false, pageLoadStrategy: normal, platformName: WINDOWS, proxy: Proxy(), se:cdp: ws://localhost:63207/devtoo..., se:cdpVersion: 111.0.5563.65, setWindowRect: true, strictFileInteractability: false, timeouts: {implicit: 0, pageLoad: 300000, script: 30000}, unhandledPromptBehavior: dismiss and notify, webauthn:extension:credBlob: true, webauthn:extension:largeBlob: true, webauthn:extension:minPinLength: true, webauthn:extension:prf: true, webauthn:virtualAuthenticators: true}
Session ID: 048b8f55086ab02f3389a939839e6147">
      <![CDATA[org.openqa.selenium.NoSuchElementException: no such element: Unable to locate element: {"method":"css selector","selector":"*[name='user_name']"}
  (Session info: chrome=111.0.5563.65)
For documentation on this error, please visit: https://selenium.dev/exceptions/#no_such_element
Build info: version: '4.8.0', revision: '267030adea'
System info: os.name: 'Windows 11', os.arch: 'amd64', os.version: '10.0', java.version: '17.0.4'
Driver info: org.openqa.selenium.chrome.ChromeDriver
Command: [048b8f55086ab02f3389a939839e6147, findElement {using=name, value=user_name}]
Capabilities {acceptInsecureCerts: false, browserName: chrome, browserVersion: 111.0.5563.65, chrome: {chromedriverVersion: 111.0.5563.64 (c710e93d5b63..., userDataDir: C:\Users\pakki\AppData\Loca...}, goog:chromeOptions: {debuggerAddress: localhost:63207}, networkConnectionEnabled: false, pageLoadStrategy: normal, platformName: WINDOWS, proxy: Proxy(), se:cdp: ws://localhost:63207/devtoo..., se:cdpVersion: 111.0.5563.65, setWindowRect: true, strictFileInteractability: false, timeouts: {implicit: 0, pageLoad: 300000, script: 30000}, unhandledPromptBehavior: dismiss and notify, webauthn:extension:credBlob: true, webauthn:extension:largeBlob: true, webauthn:extension:minPinLength: true, webauthn:extension:prf: true, webauthn:virtualAuthenticators: true}
Session ID: 048b8f55086ab02f3389a939839e6147
at org.openqa.selenium.remote.codec.w3c.W3CHttpResponseCodec.createException(W3CHttpResponseCodec.java:200)
at org.openqa.selenium.remote.codec.w3c.W3CHttpResponseCodec.decode(W3CHttpResponseCodec.java:133)
at org.openqa.selenium.remote.codec.w3c.W3CHttpResponseCodec.decode(W3CHttpResponseCodec.java:53)
at org.openqa.selenium.remote.HttpCommandExecutor.execute(HttpCommandExecutor.java:184)
at org.openqa.selenium.remote.service.DriverCommandExecutor.invokeExecute(DriverCommandExecutor.java:167)
at org.openqa.selenium.remote.service.DriverCommandExecutor.execute(DriverCommandExecutor.java:142)
at org.openqa.selenium.remote.RemoteWebDriver.execute(RemoteWebDriver.java:543)
at org.openqa.selenium.remote.ElementLocation$ElementFinder$2.findElement(ElementLocation.java:162)
at org.openqa.selenium.remote.ElementLocation.findElement(ElementLocation.java:60)
at org.openqa.selenium.remote.RemoteWebDriver.findElement(RemoteWebDriver.java:352)
at org.openqa.selenium.remote.RemoteWebDriver.findElement(RemoteWebDriver.java:344)
at org.openqa.selenium.support.pagefactory.DefaultElementLocator.findElement(DefaultElementLocator.java:70)
at org.openqa.selenium.support.pagefactory.internal.LocatingElementHandler.invoke(LocatingElementHandler.java:39)
at jdk.proxy2/jdk.proxy2.$Proxy22.sendKeys(Unknown Source)
at vTiger.ObjectReposotary.LoginPage.loginapp(LoginPage.java:47)
at vTiger_genericutility.BaseClass.bmConfiguration(BaseClass.java:75)
at java.base/java.util.ArrayList.forEach(ArrayList.java:1511)
... Removed 36 stack frames]]>
    </failure>
  </testcase> <!-- @BeforeMethod bmConfiguration -->
  <testcase classname="vTiger_genericutility.BaseClass" name="@AfterMethod amConfiguration" time="-1.678716689387E9">
    <skipped/>
  </testcase> <!-- @AfterMethod amConfiguration -->
  <testcase classname="vTiger_genericutility.BaseClass" name="@BeforeMethod bmConfiguration" time="-1.678716689389E9">
    <skipped/>
  </testcase> <!-- @BeforeMethod bmConfiguration -->
  <testcase classname="vTiger_genericutility.BaseClass" name="@AfterMethod amConfiguration" time="-1.678716689399E9">
    <skipped/>
  </testcase> <!-- @AfterMethod amConfiguration -->
  <testcase classname="vTiger_genericutility.BaseClass" name="@BeforeMethod bmConfiguration" time="-1.6787166894E9">
    <skipped/>
  </testcase> <!-- @BeforeMethod bmConfiguration -->
  <testcase classname="vTiger_genericutility.BaseClass" name="@AfterMethod amConfiguration" time="-1.678716689414E9">
    <skipped/>
  </testcase> <!-- @AfterMethod amConfiguration -->
  <testcase classname="vTiger_genericutility.BaseClass" name="@AfterClass acConfiguration" time="-1.678716689416E9">
    <skipped/>
  </testcase> <!-- @AfterClass acConfiguration -->
  <testcase classname="vTiger_contacts_TestScripts.CreateContactWithOrganizationPOMTest" name="createContactWithOrgTest" time="22.236"/>
  <testcase classname="vTiger_contacts_TestScripts.CreateContactWithOrganizationPOMTest" name="test" time="0.003"/>
  <testcase classname="vTiger_contacts_TestScripts.CreateContactWithOrganizationPOMTest" name="test2" time="0.0">
    <skipped/>
  </testcase> <!-- test2 -->
  <testcase classname="vTiger_contacts_TestScripts.CreateContactWithOrganizationPOMTest" name="test3" time="0.0">
    <skipped/>
  </testcase> <!-- test3 -->
  <testcase classname="vTiger_contacts_TestScripts.CreateContactWithOrganizationPOMTest" name="test4" time="0.0">
    <skipped/>
  </testcase> <!-- test4 -->
  <testcase classname="vTiger_Organisation_TestScripts.CreateOrgAndSelectHelthcareInIndustryTest" name="craeteOrgWithIndustry" time="12.108"/>
  <testcase classname="vTiger_Organisation_TestScripts.CreateOrganizationWithDDT" name="ddt" time="18.674"/>
  <testcase classname="vTiger_genericutility.BaseClass" name="@BeforeSuite bsConfiguration" time="0.0">
    <ignored/>
  </testcase> <!-- @BeforeSuite bsConfiguration -->
  <testcase classname="vTiger_genericutility.BaseClass" name="@AfterSuite asConfiguration" time="0.0">
    <ignored/>
  </testcase> <!-- @AfterSuite asConfiguration -->
</testsuite> <!-- Test -->
